<?xml version="1.0" encoding="UTF-8"?>
<testsuite xmlns:xsi="http://www.w3.org/2001/XMLSchema-instance" xsi:noNamespaceSchemaLocation="https://maven.apache.org/surefire/maven-surefire-plugin/xsd/surefire-test-report.xsd" version="3.0.2" name="com.taskflow.backend.SecurityAndValidationTest" time="1.883" tests="6" errors="0" skipped="0" failures="0">
  <properties>
[...]
</properties>
  <testcase name="testUserCannotCreateTask" classname="com.taskflow.backend.SecurityAndValidationTest" time="0.47">
    <system-out><![CDATA[2026-08-23T14:38:04.422+05:30  INFO 22084 --- [           main] t.c.s.AnnotationConfigContextLoaderUtils : Could not detect default configuration classes for test class [com.taskflow.backend.SecurityAndValidationTest]: SecurityAndValidationTest does not declare any static, non-private, non-final, nested classes annotated with @Configuration.
2026-08-23T14:38:04.434+05:30  INFO 22084 --- [           main] .b.t.c.SpringBootTestContextBootstrapper : Found @SpringBootConfiguration com.taskflow.backend.TaskflowApplication for test class com.taskflow.backend.SecurityAndValidationTest
]]></system-out>
  </testcase>
  <testcase name="testAdminCanAccessDashboard" classname="com.taskflow.backend.SecurityAndValidationTest" time="0.38"/>
  <testcase name="testAdminCanPublishTask" classname="com.taskflow.backend.SecurityAndValidationTest" time="0.269">
    <system-out><![CDATA[2026-08-23T14:38:05.565+05:30  WARN 22084 --- [           main] c.t.b.exception.GlobalExceptionHandler   : ResourceNotFoundException on /api/admin/tasks/999/publish: Task not found with id: 999
]]></system-out>
  </testcase>
  <testcase name="testUserCannotPublishTask" classname="com.taskflow.backend.SecurityAndValidationTest" time="0.232"/>
  <testcase name="testUserCannotAccessAdminDashboard" classname="com.taskflow.backend.SecurityAndValidationTest" time="0.26"/>
  <testcase name="testUnauthenticatedAccessDenied" classname="com.taskflow.backend.SecurityAndValidationTest" time="0.233"/>
</testsuite>